{"D:\\Sapient\\Desktop\\Projects\\meetings-app-rahpujar\\src\\ts\\data\\meetings.ts": {"path":"D:\\Sapient\\Desktop\\Projects\\meetings-app-rahpujar\\src\\ts\\data\\meetings.ts","statementMap":{"0":{"start":{"line":1,"column":17},"end":{"line":143,"column":1}}},"fnMap":{},"branchMap":{},"s":{"0":4},"f":{},"b":{},"_coverageSchema":"1a1c01bbd47fc00a2c39e90264f33305004495a9","hash":"c616b202d22f9b21b1a3f0f2365f2412dad8cdca"}
,"D:\\Sapient\\Desktop\\Projects\\meetings-app-rahpujar\\src\\ts\\data\\team.ts": {"path":"D:\\Sapient\\Desktop\\Projects\\meetings-app-rahpujar\\src\\ts\\data\\team.ts","statementMap":{"0":{"start":{"line":1,"column":14},"end":{"line":132,"column":1}}},"fnMap":{},"branchMap":{},"s":{"0":4},"f":{},"b":{},"_coverageSchema":"1a1c01bbd47fc00a2c39e90264f33305004495a9","hash":"5d0135824a109a2ffd290b91bb98e58d525f468c"}
,"D:\\Sapient\\Desktop\\Projects\\meetings-app-rahpujar\\src\\ts\\data\\users.ts": {"path":"D:\\Sapient\\Desktop\\Projects\\meetings-app-rahpujar\\src\\ts\\data\\users.ts","statementMap":{"0":{"start":{"line":1,"column":14},"end":{"line":32,"column":1}}},"fnMap":{},"branchMap":{},"s":{"0":4},"f":{},"b":{},"_coverageSchema":"1a1c01bbd47fc00a2c39e90264f33305004495a9","hash":"5149c1f31c1c706988de4fda4e8693b87d62e6ac"}
,"D:\\Sapient\\Desktop\\Projects\\meetings-app-rahpujar\\src\\ts\\mocks\\handler.ts": {"path":"D:\\Sapient\\Desktop\\Projects\\meetings-app-rahpujar\\src\\ts\\mocks\\handler.ts","statementMap":{"0":{"start":{"line":7,"column":17},"end":{"line":107,"column":1}},"1":{"start":{"line":9,"column":8},"end":{"line":11,"column":10}},"2":{"start":{"line":14,"column":8},"end":{"line":16,"column":10}},"3":{"start":{"line":19,"column":8},"end":{"line":21,"column":10}},"4":{"start":{"line":24,"column":8},"end":{"line":26,"column":10}},"5":{"start":{"line":29,"column":8},"end":{"line":37,"column":10}},"6":{"start":{"line":40,"column":8},"end":{"line":48,"column":10}},"7":{"start":{"line":51,"column":8},"end":{"line":51,"column":27}},"8":{"start":{"line":52,"column":8},"end":{"line":73,"column":10}},"9":{"start":{"line":76,"column":8},"end":{"line":99,"column":9}},"10":{"start":{"line":103,"column":8},"end":{"line":105,"column":10}}},"fnMap":{"0":{"name":"(anonymous_0)","decl":{"start":{"line":8,"column":66},"end":{"line":8,"column":67}},"loc":{"start":{"line":8,"column":87},"end":{"line":12,"column":5}},"line":8},"1":{"name":"(anonymous_1)","decl":{"start":{"line":13,"column":63},"end":{"line":13,"column":64}},"loc":{"start":{"line":13,"column":84},"end":{"line":17,"column":5}},"line":13},"2":{"name":"(anonymous_2)","decl":{"start":{"line":18,"column":63},"end":{"line":18,"column":64}},"loc":{"start":{"line":18,"column":84},"end":{"line":22,"column":5}},"line":18},"3":{"name":"(anonymous_3)","decl":{"start":{"line":23,"column":66},"end":{"line":23,"column":67}},"loc":{"start":{"line":23,"column":87},"end":{"line":27,"column":5}},"line":23},"4":{"name":"(anonymous_4)","decl":{"start":{"line":28,"column":68},"end":{"line":28,"column":69}},"loc":{"start":{"line":28,"column":87},"end":{"line":38,"column":5}},"line":28},"5":{"name":"(anonymous_5)","decl":{"start":{"line":39,"column":71},"end":{"line":39,"column":72}},"loc":{"start":{"line":39,"column":90},"end":{"line":49,"column":5}},"line":39},"6":{"name":"(anonymous_6)","decl":{"start":{"line":50,"column":66},"end":{"line":50,"column":67}},"loc":{"start":{"line":50,"column":85},"end":{"line":74,"column":5}},"line":50},"7":{"name":"(anonymous_7)","decl":{"start":{"line":75,"column":63},"end":{"line":75,"column":64}},"loc":{"start":{"line":75,"column":82},"end":{"line":100,"column":5}},"line":75},"8":{"name":"(anonymous_8)","decl":{"start":{"line":102,"column":90},"end":{"line":102,"column":91}},"loc":{"start":{"line":102,"column":110},"end":{"line":106,"column":5}},"line":102}},"branchMap":{},"s":{"0":4,"1":1,"2":0,"3":0,"4":0,"5":1,"6":1,"7":1,"8":1,"9":0,"10":0},"f":{"0":1,"1":0,"2":0,"3":0,"4":1,"5":1,"6":1,"7":0,"8":0},"b":{},"_coverageSchema":"1a1c01bbd47fc00a2c39e90264f33305004495a9","hash":"4a588d5892a3f29e7e12d221dd8513a2186c7f6a"}
,"D:\\Sapient\\Desktop\\Projects\\meetings-app-rahpujar\\src\\ts\\mocks\\server.ts": {"path":"D:\\Sapient\\Desktop\\Projects\\meetings-app-rahpujar\\src\\ts\\mocks\\server.ts","statementMap":{"0":{"start":{"line":6,"column":15},"end":{"line":6,"column":41}}},"fnMap":{},"branchMap":{},"s":{"0":4},"f":{},"b":{},"_coverageSchema":"1a1c01bbd47fc00a2c39e90264f33305004495a9","hash":"55c91ff0b0924487deb9793fb9c74b84c575bfec"}
,"D:\\Sapient\\Desktop\\Projects\\meetings-app-rahpujar\\src\\ts\\services\\auth-login.ts": {"path":"D:\\Sapient\\Desktop\\Projects\\meetings-app-rahpujar\\src\\ts\\services\\auth-login.ts","statementMap":{"0":{"start":{"line":5,"column":4},"end":{"line":26,"column":12}},"1":{"start":{"line":13,"column":12},"end":{"line":15,"column":13}},"2":{"start":{"line":14,"column":16},"end":{"line":14,"column":55}},"3":{"start":{"line":17,"column":12},"end":{"line":17,"column":35}},"4":{"start":{"line":21,"column":12},"end":{"line":21,"column":58}},"5":{"start":{"line":22,"column":12},"end":{"line":22,"column":60}},"6":{"start":{"line":23,"column":12},"end":{"line":23,"column":60}},"7":{"start":{"line":25,"column":12},"end":{"line":25,"column":28}},"8":{"start":{"line":30,"column":4},"end":{"line":30,"column":43}},"9":{"start":{"line":33,"column":4},"end":{"line":33,"column":42}},"10":{"start":{"line":36,"column":4},"end":{"line":36,"column":43}},"11":{"start":{"line":40,"column":24},"end":{"line":46,"column":1}},"12":{"start":{"line":41,"column":4},"end":{"line":43,"column":5}},"13":{"start":{"line":42,"column":8},"end":{"line":42,"column":21}},"14":{"start":{"line":45,"column":4},"end":{"line":45,"column":16}}},"fnMap":{"0":{"name":"loginUser","decl":{"start":{"line":4,"column":9},"end":{"line":4,"column":18}},"loc":{"start":{"line":4,"column":48},"end":{"line":27,"column":1}},"line":4},"1":{"name":"(anonymous_1)","decl":{"start":{"line":12,"column":15},"end":{"line":12,"column":16}},"loc":{"start":{"line":12,"column":37},"end":{"line":18,"column":9}},"line":12},"2":{"name":"(anonymous_2)","decl":{"start":{"line":19,"column":15},"end":{"line":19,"column":16}},"loc":{"start":{"line":19,"column":37},"end":{"line":26,"column":9}},"line":19},"3":{"name":"getToken","decl":{"start":{"line":29,"column":9},"end":{"line":29,"column":17}},"loc":{"start":{"line":29,"column":20},"end":{"line":31,"column":1}},"line":29},"4":{"name":"getName","decl":{"start":{"line":32,"column":9},"end":{"line":32,"column":16}},"loc":{"start":{"line":32,"column":19},"end":{"line":34,"column":1}},"line":32},"5":{"name":"getEmail","decl":{"start":{"line":35,"column":9},"end":{"line":35,"column":17}},"loc":{"start":{"line":35,"column":20},"end":{"line":37,"column":1}},"line":35},"6":{"name":"(anonymous_6)","decl":{"start":{"line":40,"column":24},"end":{"line":40,"column":25}},"loc":{"start":{"line":40,"column":30},"end":{"line":46,"column":1}},"line":40}},"branchMap":{"0":{"loc":{"start":{"line":13,"column":12},"end":{"line":15,"column":13}},"type":"if","locations":[{"start":{"line":13,"column":12},"end":{"line":15,"column":13}},{"start":{},"end":{}}],"line":13},"1":{"loc":{"start":{"line":41,"column":4},"end":{"line":43,"column":5}},"type":"if","locations":[{"start":{"line":41,"column":4},"end":{"line":43,"column":5}},{"start":{},"end":{}}],"line":41}},"s":{"0":1,"1":1,"2":0,"3":1,"4":1,"5":1,"6":1,"7":1,"8":0,"9":0,"10":0,"11":1,"12":0,"13":0,"14":0},"f":{"0":1,"1":1,"2":1,"3":0,"4":0,"5":0,"6":0},"b":{"0":[0,1],"1":[0,0]},"_coverageSchema":"1a1c01bbd47fc00a2c39e90264f33305004495a9","hash":"50ec76cc7968cba1477f02f8705bd695bf29e122"}
,"D:\\Sapient\\Desktop\\Projects\\meetings-app-rahpujar\\src\\ts\\services\\auth-reg.ts": {"path":"D:\\Sapient\\Desktop\\Projects\\meetings-app-rahpujar\\src\\ts\\services\\auth-reg.ts","statementMap":{"0":{"start":{"line":4,"column":4},"end":{"line":19,"column":11}},"1":{"start":{"line":12,"column":12},"end":{"line":12,"column":36}},"2":{"start":{"line":13,"column":12},"end":{"line":16,"column":13}},"3":{"start":{"line":15,"column":16},"end":{"line":15,"column":55}},"4":{"start":{"line":18,"column":12},"end":{"line":18,"column":45}}},"fnMap":{"0":{"name":"register","decl":{"start":{"line":3,"column":9},"end":{"line":3,"column":17}},"loc":{"start":{"line":3,"column":37},"end":{"line":21,"column":1}},"line":3},"1":{"name":"(anonymous_1)","decl":{"start":{"line":11,"column":15},"end":{"line":11,"column":16}},"loc":{"start":{"line":11,"column":37},"end":{"line":19,"column":9}},"line":11}},"branchMap":{"0":{"loc":{"start":{"line":13,"column":12},"end":{"line":16,"column":13}},"type":"if","locations":[{"start":{"line":13,"column":12},"end":{"line":16,"column":13}},{"start":{},"end":{}}],"line":13}},"s":{"0":1,"1":1,"2":1,"3":0,"4":1},"f":{"0":1,"1":1},"b":{"0":[0,1]},"_coverageSchema":"1a1c01bbd47fc00a2c39e90264f33305004495a9","hash":"5b4f1e0fe4e09c94e9e34e05ce7938ee4b540c19"}
,"D:\\Sapient\\Desktop\\Projects\\meetings-app-rahpujar\\src\\ts\\services\\get-calendar.ts": {"path":"D:\\Sapient\\Desktop\\Projects\\meetings-app-rahpujar\\src\\ts\\services\\get-calendar.ts","statementMap":{"0":{"start":{"line":3,"column":17},"end":{"line":19,"column":1}},"1":{"start":{"line":4,"column":4},"end":{"line":18,"column":8}},"2":{"start":{"line":13,"column":8},"end":{"line":15,"column":9}},"3":{"start":{"line":14,"column":12},"end":{"line":14,"column":51}},"4":{"start":{"line":16,"column":8},"end":{"line":16,"column":32}},"5":{"start":{"line":17,"column":8},"end":{"line":17,"column":31}}},"fnMap":{"0":{"name":"(anonymous_0)","decl":{"start":{"line":3,"column":17},"end":{"line":3,"column":18}},"loc":{"start":{"line":3,"column":44},"end":{"line":19,"column":1}},"line":3},"1":{"name":"(anonymous_1)","decl":{"start":{"line":12,"column":12},"end":{"line":12,"column":13}},"loc":{"start":{"line":12,"column":34},"end":{"line":18,"column":5}},"line":12}},"branchMap":{"0":{"loc":{"start":{"line":13,"column":8},"end":{"line":15,"column":9}},"type":"if","locations":[{"start":{"line":13,"column":8},"end":{"line":15,"column":9}},{"start":{},"end":{}}],"line":13}},"s":{"0":1,"1":1,"2":1,"3":0,"4":1,"5":1},"f":{"0":1,"1":1},"b":{"0":[0,1]},"_coverageSchema":"1a1c01bbd47fc00a2c39e90264f33305004495a9","hash":"b78882befb2d92c15ea18d960762fa806d8ec890"}
,"D:\\Sapient\\Desktop\\Projects\\meetings-app-rahpujar\\src\\ts\\services\\post-meetings.ts": {"path":"D:\\Sapient\\Desktop\\Projects\\meetings-app-rahpujar\\src\\ts\\services\\post-meetings.ts","statementMap":{"0":{"start":{"line":5,"column":4},"end":{"line":27,"column":12}},"1":{"start":{"line":15,"column":12},"end":{"line":18,"column":13}},"2":{"start":{"line":17,"column":16},"end":{"line":17,"column":55}},"3":{"start":{"line":19,"column":12},"end":{"line":19,"column":58}},"4":{"start":{"line":20,"column":12},"end":{"line":20,"column":35}},"5":{"start":{"line":24,"column":12},"end":{"line":24,"column":60}},"6":{"start":{"line":25,"column":12},"end":{"line":25,"column":58}},"7":{"start":{"line":26,"column":12},"end":{"line":26,"column":38}}},"fnMap":{"0":{"name":"addMeeting","decl":{"start":{"line":3,"column":9},"end":{"line":3,"column":19}},"loc":{"start":{"line":3,"column":47},"end":{"line":29,"column":1}},"line":3},"1":{"name":"(anonymous_1)","decl":{"start":{"line":14,"column":15},"end":{"line":14,"column":16}},"loc":{"start":{"line":14,"column":37},"end":{"line":21,"column":9}},"line":14},"2":{"name":"(anonymous_2)","decl":{"start":{"line":23,"column":15},"end":{"line":23,"column":16}},"loc":{"start":{"line":23,"column":47},"end":{"line":27,"column":9}},"line":23}},"branchMap":{"0":{"loc":{"start":{"line":15,"column":12},"end":{"line":18,"column":13}},"type":"if","locations":[{"start":{"line":15,"column":12},"end":{"line":18,"column":13}},{"start":{},"end":{}}],"line":15}},"s":{"0":1,"1":1,"2":0,"3":1,"4":1,"5":1,"6":1,"7":1},"f":{"0":1,"1":1,"2":1},"b":{"0":[0,1]},"_coverageSchema":"1a1c01bbd47fc00a2c39e90264f33305004495a9","hash":"47d89679ee2d6e5af53d0233fb7183b73a9b1d63"}
}
