{"C:\\Users\\rahpujar\\Desktop\\Projects\\meetings-app-rahpujar\\src\\ts\\data\\meetings.ts": {"path":"C:\\Users\\rahpujar\\Desktop\\Projects\\meetings-app-rahpujar\\src\\ts\\data\\meetings.ts","statementMap":{"0":{"start":{"line":1,"column":17},"end":{"line":143,"column":1}}},"fnMap":{},"branchMap":{},"s":{"0":4},"f":{},"b":{},"_coverageSchema":"1a1c01bbd47fc00a2c39e90264f33305004495a9","hash":"0a185121c4cb74accb44f182afd20e36aaed43dc"}
,"C:\\Users\\rahpujar\\Desktop\\Projects\\meetings-app-rahpujar\\src\\ts\\data\\team.ts": {"path":"C:\\Users\\rahpujar\\Desktop\\Projects\\meetings-app-rahpujar\\src\\ts\\data\\team.ts","statementMap":{"0":{"start":{"line":1,"column":14},"end":{"line":127,"column":1}}},"fnMap":{},"branchMap":{},"s":{"0":4},"f":{},"b":{},"_coverageSchema":"1a1c01bbd47fc00a2c39e90264f33305004495a9","hash":"4c25e3192bcbf75bc6808f29e30d494d2d6b6006"}
,"C:\\Users\\rahpujar\\Desktop\\Projects\\meetings-app-rahpujar\\src\\ts\\data\\users.ts": {"path":"C:\\Users\\rahpujar\\Desktop\\Projects\\meetings-app-rahpujar\\src\\ts\\data\\users.ts","statementMap":{"0":{"start":{"line":1,"column":14},"end":{"line":32,"column":1}}},"fnMap":{},"branchMap":{},"s":{"0":4},"f":{},"b":{},"_coverageSchema":"1a1c01bbd47fc00a2c39e90264f33305004495a9","hash":"5006549b8c7f957a38312fc06829c6e8bb583bfc"}
,"C:\\Users\\rahpujar\\Desktop\\Projects\\meetings-app-rahpujar\\src\\ts\\mocks\\handler.ts": {"path":"C:\\Users\\rahpujar\\Desktop\\Projects\\meetings-app-rahpujar\\src\\ts\\mocks\\handler.ts","statementMap":{"0":{"start":{"line":7,"column":17},"end":{"line":107,"column":1}},"1":{"start":{"line":9,"column":8},"end":{"line":11,"column":10}},"2":{"start":{"line":14,"column":8},"end":{"line":16,"column":10}},"3":{"start":{"line":19,"column":8},"end":{"line":21,"column":10}},"4":{"start":{"line":24,"column":8},"end":{"line":26,"column":10}},"5":{"start":{"line":29,"column":8},"end":{"line":37,"column":10}},"6":{"start":{"line":40,"column":8},"end":{"line":48,"column":10}},"7":{"start":{"line":51,"column":8},"end":{"line":51,"column":25}},"8":{"start":{"line":52,"column":8},"end":{"line":73,"column":10}},"9":{"start":{"line":76,"column":8},"end":{"line":99,"column":9}},"10":{"start":{"line":103,"column":8},"end":{"line":105,"column":10}}},"fnMap":{"0":{"name":"(anonymous_0)","decl":{"start":{"line":8,"column":66},"end":{"line":8,"column":67}},"loc":{"start":{"line":8,"column":87},"end":{"line":12,"column":5}},"line":8},"1":{"name":"(anonymous_1)","decl":{"start":{"line":13,"column":63},"end":{"line":13,"column":64}},"loc":{"start":{"line":13,"column":84},"end":{"line":17,"column":5}},"line":13},"2":{"name":"(anonymous_2)","decl":{"start":{"line":18,"column":63},"end":{"line":18,"column":64}},"loc":{"start":{"line":18,"column":84},"end":{"line":22,"column":5}},"line":18},"3":{"name":"(anonymous_3)","decl":{"start":{"line":23,"column":66},"end":{"line":23,"column":67}},"loc":{"start":{"line":23,"column":87},"end":{"line":27,"column":5}},"line":23},"4":{"name":"(anonymous_4)","decl":{"start":{"line":28,"column":68},"end":{"line":28,"column":69}},"loc":{"start":{"line":28,"column":87},"end":{"line":38,"column":5}},"line":28},"5":{"name":"(anonymous_5)","decl":{"start":{"line":39,"column":71},"end":{"line":39,"column":72}},"loc":{"start":{"line":39,"column":90},"end":{"line":49,"column":5}},"line":39},"6":{"name":"(anonymous_6)","decl":{"start":{"line":50,"column":66},"end":{"line":50,"column":67}},"loc":{"start":{"line":50,"column":85},"end":{"line":74,"column":5}},"line":50},"7":{"name":"(anonymous_7)","decl":{"start":{"line":75,"column":63},"end":{"line":75,"column":64}},"loc":{"start":{"line":75,"column":82},"end":{"line":100,"column":5}},"line":75},"8":{"name":"(anonymous_8)","decl":{"start":{"line":102,"column":90},"end":{"line":102,"column":91}},"loc":{"start":{"line":102,"column":110},"end":{"line":106,"column":5}},"line":102}},"branchMap":{},"s":{"0":4,"1":1,"2":0,"3":0,"4":0,"5":1,"6":0,"7":1,"8":1,"9":0,"10":0},"f":{"0":1,"1":0,"2":0,"3":0,"4":1,"5":0,"6":1,"7":0,"8":0},"b":{},"_coverageSchema":"1a1c01bbd47fc00a2c39e90264f33305004495a9","hash":"2c28a59a53aad8241aadd3e500844f918fc40af6"}
,"C:\\Users\\rahpujar\\Desktop\\Projects\\meetings-app-rahpujar\\src\\ts\\mocks\\server.ts": {"path":"C:\\Users\\rahpujar\\Desktop\\Projects\\meetings-app-rahpujar\\src\\ts\\mocks\\server.ts","statementMap":{"0":{"start":{"line":6,"column":15},"end":{"line":6,"column":41}}},"fnMap":{},"branchMap":{},"s":{"0":4},"f":{},"b":{},"_coverageSchema":"1a1c01bbd47fc00a2c39e90264f33305004495a9","hash":"f289f63086bfe7668d083aa0adc17be1178b99e0"}
,"C:\\Users\\rahpujar\\Desktop\\Projects\\meetings-app-rahpujar\\src\\ts\\pages\\calendar.ts": {"path":"C:\\Users\\rahpujar\\Desktop\\Projects\\meetings-app-rahpujar\\src\\ts\\pages\\calendar.ts","statementMap":{"0":{"start":{"line":9,"column":39},"end":{"line":9,"column":90}},"1":{"start":{"line":11,"column":26},"end":{"line":11,"column":28}},"2":{"start":{"line":12,"column":4},"end":{"line":48,"column":7}},"3":{"start":{"line":13,"column":31},"end":{"line":15,"column":8}},"4":{"start":{"line":14,"column":8},"end":{"line":14,"column":30}},"5":{"start":{"line":18,"column":8},"end":{"line":24,"column":12}},"6":{"start":{"line":26,"column":8},"end":{"line":28,"column":51}},"7":{"start":{"line":30,"column":6},"end":{"line":47,"column":9}},"8":{"start":{"line":49,"column":4},"end":{"line":49,"column":45}},"9":{"start":{"line":53,"column":4},"end":{"line":59,"column":9}},"10":{"start":{"line":55,"column":8},"end":{"line":55,"column":24}},"11":{"start":{"line":58,"column":8},"end":{"line":58,"column":34}},"12":{"start":{"line":62,"column":8},"end":{"line":92,"column":3}},"13":{"start":{"line":63,"column":2},"end":{"line":63,"column":9}},"14":{"start":{"line":64,"column":18},"end":{"line":64,"column":28}},"15":{"start":{"line":67,"column":6},"end":{"line":67,"column":80}},"16":{"start":{"line":69,"column":16},"end":{"line":69,"column":30}},"17":{"start":{"line":71,"column":31},"end":{"line":71,"column":77}},"18":{"start":{"line":72,"column":4},"end":{"line":72,"column":59}},"19":{"start":{"line":74,"column":42},"end":{"line":74,"column":97}},"20":{"start":{"line":75,"column":22},"end":{"line":75,"column":56}},"21":{"start":{"line":78,"column":4},"end":{"line":80,"column":30}},"22":{"start":{"line":82,"column":4},"end":{"line":82,"column":27}},"23":{"start":{"line":84,"column":38},"end":{"line":84,"column":98}},"24":{"start":{"line":85,"column":4},"end":{"line":91,"column":7}},"25":{"start":{"line":86,"column":25},"end":{"line":86,"column":41}},"26":{"start":{"line":87,"column":6},"end":{"line":87,"column":30}},"27":{"start":{"line":88,"column":25},"end":{"line":88,"column":56}},"28":{"start":{"line":89,"column":6},"end":{"line":89,"column":116}},"29":{"start":{"line":90,"column":6},"end":{"line":90,"column":35}},"30":{"start":{"line":97,"column":14},"end":{"line":110,"column":1}}},"fnMap":{"0":{"name":"(anonymous_0)","decl":{"start":{"line":8,"column":3},"end":{"line":8,"column":4}},"loc":{"start":{"line":8,"column":34},"end":{"line":50,"column":3}},"line":8},"1":{"name":"(anonymous_1)","decl":{"start":{"line":12,"column":21},"end":{"line":12,"column":22}},"loc":{"start":{"line":12,"column":40},"end":{"line":48,"column":5}},"line":12},"2":{"name":"(anonymous_2)","decl":{"start":{"line":13,"column":53},"end":{"line":13,"column":54}},"loc":{"start":{"line":13,"column":73},"end":{"line":15,"column":7}},"line":13},"3":{"name":"(anonymous_3)","decl":{"start":{"line":52,"column":3},"end":{"line":52,"column":4}},"loc":{"start":{"line":52,"column":38},"end":{"line":60,"column":3}},"line":52},"4":{"name":"(anonymous_4)","decl":{"start":{"line":54,"column":12},"end":{"line":54,"column":13}},"loc":{"start":{"line":54,"column":44},"end":{"line":56,"column":7}},"line":54},"5":{"name":"(anonymous_5)","decl":{"start":{"line":57,"column":12},"end":{"line":57,"column":13}},"loc":{"start":{"line":57,"column":26},"end":{"line":59,"column":7}},"line":57},"6":{"name":"(anonymous_6)","decl":{"start":{"line":62,"column":8},"end":{"line":62,"column":9}},"loc":{"start":{"line":62,"column":14},"end":{"line":92,"column":3}},"line":62},"7":{"name":"(anonymous_7)","decl":{"start":{"line":85,"column":42},"end":{"line":85,"column":43}},"loc":{"start":{"line":85,"column":48},"end":{"line":91,"column":5}},"line":85}},"branchMap":{},"s":{"0":1,"1":1,"2":1,"3":5,"4":14,"5":5,"6":5,"7":5,"8":1,"9":0,"10":0,"11":0,"12":1,"13":0,"14":0,"15":0,"16":0,"17":0,"18":0,"19":0,"20":0,"21":0,"22":0,"23":0,"24":0,"25":0,"26":0,"27":0,"28":0,"29":0,"30":1},"f":{"0":1,"1":5,"2":14,"3":0,"4":0,"5":0,"6":0,"7":0},"b":{},"_coverageSchema":"1a1c01bbd47fc00a2c39e90264f33305004495a9","hash":"2f55cebd318ca247859d1cdbfba2a7a68e255348"}
,"C:\\Users\\rahpujar\\Desktop\\Projects\\meetings-app-rahpujar\\src\\ts\\pages\\nav-menu.ts": {"path":"C:\\Users\\rahpujar\\Desktop\\Projects\\meetings-app-rahpujar\\src\\ts\\pages\\nav-menu.ts","statementMap":{"0":{"start":{"line":1,"column":13},"end":{"line":25,"column":1}},"1":{"start":{"line":3,"column":22},"end":{"line":3,"column":61}},"2":{"start":{"line":5,"column":14},"end":{"line":5,"column":47}},"3":{"start":{"line":7,"column":20},"end":{"line":7,"column":57}},"4":{"start":{"line":11,"column":15},"end":{"line":11,"column":46}},"5":{"start":{"line":13,"column":2},"end":{"line":13,"column":74}},"6":{"start":{"line":17,"column":2},"end":{"line":19,"column":5}},"7":{"start":{"line":18,"column":4},"end":{"line":18,"column":55}},"8":{"start":{"line":21,"column":3},"end":{"line":24,"column":6}},"9":{"start":{"line":22,"column":5},"end":{"line":22,"column":26}},"10":{"start":{"line":23,"column":5},"end":{"line":23,"column":43}}},"fnMap":{"0":{"name":"(anonymous_0)","decl":{"start":{"line":1,"column":13},"end":{"line":1,"column":14}},"loc":{"start":{"line":1,"column":19},"end":{"line":25,"column":1}},"line":1},"1":{"name":"(anonymous_1)","decl":{"start":{"line":17,"column":57},"end":{"line":17,"column":58}},"loc":{"start":{"line":17,"column":69},"end":{"line":19,"column":3}},"line":17},"2":{"name":"(anonymous_2)","decl":{"start":{"line":21,"column":56},"end":{"line":21,"column":57}},"loc":{"start":{"line":21,"column":68},"end":{"line":24,"column":4}},"line":21}},"branchMap":{},"s":{"0":1,"1":0,"2":0,"3":0,"4":0,"5":0,"6":0,"7":0,"8":0,"9":0,"10":0},"f":{"0":0,"1":0,"2":0},"b":{},"_coverageSchema":"1a1c01bbd47fc00a2c39e90264f33305004495a9","hash":"86a0605f32edce5a4495bf968811b4f5d0662b27"}
,"C:\\Users\\rahpujar\\Desktop\\Projects\\meetings-app-rahpujar\\src\\ts\\services\\auth-login.ts": {"path":"C:\\Users\\rahpujar\\Desktop\\Projects\\meetings-app-rahpujar\\src\\ts\\services\\auth-login.ts","statementMap":{"0":{"start":{"line":5,"column":2},"end":{"line":26,"column":7}},"1":{"start":{"line":13,"column":6},"end":{"line":15,"column":7}},"2":{"start":{"line":14,"column":8},"end":{"line":14,"column":45}},"3":{"start":{"line":17,"column":6},"end":{"line":17,"column":29}},"4":{"start":{"line":21,"column":6},"end":{"line":21,"column":50}},"5":{"start":{"line":22,"column":6},"end":{"line":22,"column":52}},"6":{"start":{"line":23,"column":6},"end":{"line":23,"column":52}},"7":{"start":{"line":25,"column":6},"end":{"line":25,"column":22}},"8":{"start":{"line":30,"column":2},"end":{"line":30,"column":39}},"9":{"start":{"line":33,"column":2},"end":{"line":33,"column":38}},"10":{"start":{"line":36,"column":2},"end":{"line":36,"column":39}}},"fnMap":{"0":{"name":"loginUser","decl":{"start":{"line":4,"column":9},"end":{"line":4,"column":18}},"loc":{"start":{"line":4,"column":46},"end":{"line":27,"column":1}},"line":4},"1":{"name":"(anonymous_1)","decl":{"start":{"line":12,"column":10},"end":{"line":12,"column":11}},"loc":{"start":{"line":12,"column":30},"end":{"line":18,"column":5}},"line":12},"2":{"name":"(anonymous_2)","decl":{"start":{"line":19,"column":10},"end":{"line":19,"column":11}},"loc":{"start":{"line":19,"column":30},"end":{"line":26,"column":5}},"line":19},"3":{"name":"getToken","decl":{"start":{"line":29,"column":9},"end":{"line":29,"column":17}},"loc":{"start":{"line":29,"column":20},"end":{"line":31,"column":1}},"line":29},"4":{"name":"getName","decl":{"start":{"line":32,"column":9},"end":{"line":32,"column":16}},"loc":{"start":{"line":32,"column":19},"end":{"line":34,"column":1}},"line":32},"5":{"name":"getEmail","decl":{"start":{"line":35,"column":9},"end":{"line":35,"column":17}},"loc":{"start":{"line":35,"column":20},"end":{"line":37,"column":1}},"line":35}},"branchMap":{"0":{"loc":{"start":{"line":13,"column":6},"end":{"line":15,"column":7}},"type":"if","locations":[{"start":{"line":13,"column":6},"end":{"line":15,"column":7}},{"start":{},"end":{}}],"line":13}},"s":{"0":1,"1":0,"2":0,"3":0,"4":0,"5":0,"6":0,"7":0,"8":0,"9":0,"10":0},"f":{"0":1,"1":0,"2":0,"3":0,"4":0,"5":0},"b":{"0":[0,0]},"_coverageSchema":"1a1c01bbd47fc00a2c39e90264f33305004495a9","hash":"7b14ec12e5beb4d6e9286e95b3ee8d299e12f0fe"}
,"C:\\Users\\rahpujar\\Desktop\\Projects\\meetings-app-rahpujar\\src\\ts\\services\\get-calendar.ts": {"path":"C:\\Users\\rahpujar\\Desktop\\Projects\\meetings-app-rahpujar\\src\\ts\\services\\get-calendar.ts","statementMap":{"0":{"start":{"line":3,"column":17},"end":{"line":19,"column":1}},"1":{"start":{"line":4,"column":2},"end":{"line":18,"column":5}},"2":{"start":{"line":13,"column":4},"end":{"line":15,"column":5}},"3":{"start":{"line":14,"column":6},"end":{"line":14,"column":43}},"4":{"start":{"line":16,"column":4},"end":{"line":16,"column":26}},"5":{"start":{"line":17,"column":4},"end":{"line":17,"column":27}}},"fnMap":{"0":{"name":"(anonymous_0)","decl":{"start":{"line":3,"column":17},"end":{"line":3,"column":18}},"loc":{"start":{"line":3,"column":42},"end":{"line":19,"column":1}},"line":3},"1":{"name":"(anonymous_1)","decl":{"start":{"line":12,"column":9},"end":{"line":12,"column":10}},"loc":{"start":{"line":12,"column":29},"end":{"line":18,"column":3}},"line":12}},"branchMap":{"0":{"loc":{"start":{"line":13,"column":4},"end":{"line":15,"column":5}},"type":"if","locations":[{"start":{"line":13,"column":4},"end":{"line":15,"column":5}},{"start":{},"end":{}}],"line":13}},"s":{"0":2,"1":1,"2":1,"3":0,"4":1,"5":1},"f":{"0":1,"1":1},"b":{"0":[0,1]},"_coverageSchema":"1a1c01bbd47fc00a2c39e90264f33305004495a9","hash":"a1fe68648ca7304ea77f1e95e4c0e740cef4670e"}
,"C:\\Users\\rahpujar\\Desktop\\Projects\\meetings-app-rahpujar\\src\\ts\\services\\post-meetings.ts": {"path":"C:\\Users\\rahpujar\\Desktop\\Projects\\meetings-app-rahpujar\\src\\ts\\services\\post-meetings.ts","statementMap":{"0":{"start":{"line":5,"column":4},"end":{"line":26,"column":9}},"1":{"start":{"line":15,"column":8},"end":{"line":18,"column":9}},"2":{"start":{"line":17,"column":10},"end":{"line":17,"column":47}},"3":{"start":{"line":19,"column":8},"end":{"line":19,"column":50}},"4":{"start":{"line":20,"column":8},"end":{"line":20,"column":31}},"5":{"start":{"line":24,"column":8},"end":{"line":24,"column":54}},"6":{"start":{"line":25,"column":8},"end":{"line":25,"column":52}}},"fnMap":{"0":{"name":"addMeeting","decl":{"start":{"line":3,"column":9},"end":{"line":3,"column":19}},"loc":{"start":{"line":3,"column":45},"end":{"line":28,"column":3}},"line":3},"1":{"name":"(anonymous_1)","decl":{"start":{"line":14,"column":12},"end":{"line":14,"column":13}},"loc":{"start":{"line":14,"column":32},"end":{"line":21,"column":7}},"line":14},"2":{"name":"(anonymous_2)","decl":{"start":{"line":23,"column":12},"end":{"line":23,"column":13}},"loc":{"start":{"line":23,"column":42},"end":{"line":26,"column":7}},"line":23}},"branchMap":{"0":{"loc":{"start":{"line":15,"column":8},"end":{"line":18,"column":9}},"type":"if","locations":[{"start":{"line":15,"column":8},"end":{"line":18,"column":9}},{"start":{},"end":{}}],"line":15}},"s":{"0":1,"1":0,"2":0,"3":0,"4":0,"5":0,"6":0},"f":{"0":1,"1":0,"2":0},"b":{"0":[0,0]},"_coverageSchema":"1a1c01bbd47fc00a2c39e90264f33305004495a9","hash":"9191b7552bc96ad510a4e857d6b8602ae4b2d8f5"}
}
