TN:
SF:src\ts\data\meetings.ts
FNF:0
FNH:0
DA:1,4
LF:1
LH:1
BRF:0
BRH:0
end_of_record
TN:
SF:src\ts\data\team.ts
FNF:0
FNH:0
DA:1,4
LF:1
LH:1
BRF:0
BRH:0
end_of_record
TN:
SF:src\ts\data\users.ts
FNF:0
FNH:0
DA:1,4
LF:1
LH:1
BRF:0
BRH:0
end_of_record
TN:
SF:src\ts\mocks\handler.ts
FN:8,(anonymous_0)
FN:13,(anonymous_1)
FN:18,(anonymous_2)
FN:23,(anonymous_3)
FN:28,(anonymous_4)
FN:39,(anonymous_5)
FN:50,(anonymous_6)
FN:75,(anonymous_7)
FN:102,(anonymous_8)
FNF:9
FNH:4
FNDA:1,(anonymous_0)
FNDA:0,(anonymous_1)
FNDA:0,(anonymous_2)
FNDA:0,(anonymous_3)
FNDA:1,(anonymous_4)
FNDA:1,(anonymous_5)
FNDA:1,(anonymous_6)
FNDA:0,(anonymous_7)
FNDA:0,(anonymous_8)
DA:7,4
DA:9,1
DA:14,0
DA:19,0
DA:24,0
DA:29,1
DA:40,1
DA:51,1
DA:52,1
DA:76,0
DA:103,0
LF:11
LH:6
BRF:0
BRH:0
end_of_record
TN:
SF:src\ts\mocks\server.ts
FNF:0
FNH:0
DA:6,4
LF:1
LH:1
BRF:0
BRH:0
end_of_record
TN:
SF:src\ts\services\auth-login.ts
FN:4,loginUser
FN:12,(anonymous_1)
FN:19,(anonymous_2)
FN:29,getToken
FN:32,getName
FN:35,getEmail
FN:40,(anonymous_6)
FNF:7
FNH:3
FNDA:1,loginUser
FNDA:1,(anonymous_1)
FNDA:1,(anonymous_2)
FNDA:0,getToken
FNDA:0,getName
FNDA:0,getEmail
FNDA:0,(anonymous_6)
DA:5,1
DA:13,1
DA:14,0
DA:17,1
DA:21,1
DA:22,1
DA:23,1
DA:25,1
DA:30,0
DA:33,0
DA:36,0
DA:40,1
DA:41,0
DA:42,0
DA:45,0
LF:15
LH:8
BRDA:13,0,0,0
BRDA:13,0,1,1
BRDA:41,1,0,0
BRDA:41,1,1,0
BRF:4
BRH:1
end_of_record
TN:
SF:src\ts\services\auth-reg.ts
FN:3,register
FN:11,(anonymous_1)
FNF:2
FNH:2
FNDA:1,register
FNDA:1,(anonymous_1)
DA:4,1
DA:12,1
DA:13,1
DA:15,0
DA:18,1
LF:5
LH:4
BRDA:13,0,0,0
BRDA:13,0,1,1
BRF:2
BRH:1
end_of_record
TN:
SF:src\ts\services\get-calendar.ts
FN:3,(anonymous_0)
FN:12,(anonymous_1)
FNF:2
FNH:2
FNDA:1,(anonymous_0)
FNDA:1,(anonymous_1)
DA:3,1
DA:4,1
DA:13,1
DA:14,0
DA:16,1
DA:17,1
LF:6
LH:5
BRDA:13,0,0,0
BRDA:13,0,1,1
BRF:2
BRH:1
end_of_record
TN:
SF:src\ts\services\post-meetings.ts
FN:3,addMeeting
FN:14,(anonymous_1)
FN:23,(anonymous_2)
FNF:3
FNH:3
FNDA:1,addMeeting
FNDA:1,(anonymous_1)
FNDA:1,(anonymous_2)
DA:5,1
DA:15,1
DA:17,0
DA:19,1
DA:20,1
DA:24,1
DA:25,1
DA:26,1
LF:8
LH:7
BRDA:15,0,0,0
BRDA:15,0,1,1
BRF:2
BRH:1
end_of_record
